24/04/26 00:25:14 - INFO - ============================================================
24/04/26 00:25:14 - INFO - 🎓 SERVIDOR DE ELECCIONES (v2)
24/04/26 00:25:14 - INFO - ============================================================
24/04/26 00:25:14 - INFO - 
✓ Escuchando en puerto 3000
24/04/26 00:25:14 - INFO - ✓ Solo redes locales permitidas
24/04/26 00:25:14 - INFO - ✓ Datos persistentes en carpeta 'datos/'
24/04/26 00:25:14 - INFO - ✓ Logs guardados en: logs/24_04_26_00_25.log
24/04/26 00:25:14 - INFO - 
🌐 Acceso local: http://localhost:3000
24/04/26 00:25:14 - INFO - 📱 Acceso desde red: http://192.168.0.107:3000
24/04/26 00:25:14 - INFO - 
💡 Comparte la URL de red con otros dispositivos en la misma red WiFi

24/04/26 00:25:20 - INFO - 🌐 IP CONECTADA: 127.0.0.1
24/04/26 00:25:26 - INFO - ✓ Usuario admin inició sesión
24/04/26 00:26:20 - INFO - ➕ Candidata AGREGADA: ID=1777001180276, Nombre='Carla'
24/04/26 00:26:20 - INFO - ✓ Candidatas guardadas
24/04/26 00:26:20 - INFO - ✓ Usuarios guardados
24/04/26 00:26:31 - INFO - ✓ Candidatas guardadas
24/04/26 00:26:31 - INFO - 👤 Usuario AGREGADO: 'carlos' (Rol: user)
24/04/26 00:26:31 - INFO - ✓ Usuarios guardados
24/04/26 00:26:43 - INFO - ✓ Candidatas guardadas
24/04/26 00:26:43 - INFO - 👤 Usuario AGREGADO: 'barrios' (Rol: user)
24/04/26 00:26:43 - INFO - ✓ Usuarios guardados
