24/04/26 17:44:36 - INFO - ============================================================
24/04/26 17:44:36 - INFO - 🎓 SERVIDOR DE ELECCIONES (v2)
24/04/26 17:44:36 - INFO - ============================================================
24/04/26 17:44:36 - INFO - 
✓ Escuchando en puerto 3000
24/04/26 17:44:36 - INFO - ✓ Solo redes locales permitidas
24/04/26 17:44:36 - INFO - ✓ Datos persistentes en carpeta 'datos/'
24/04/26 17:44:36 - INFO - ✓ Logs guardados en: logs/24_04_26_17_44.log
24/04/26 17:44:36 - INFO - 
🌐 Acceso local: http://localhost:3000
24/04/26 17:44:36 - INFO - 📱 Acceso desde red: http://192.168.0.107:3000
24/04/26 17:44:36 - INFO - 
💡 Comparte la URL de red con otros dispositivos en la misma red WiFi

24/04/26 17:44:37 - INFO - 🌐 IP CONECTADA: 192.168.0.107
24/04/26 17:51:48 - INFO - ✓ Usuario admin inició sesión
24/04/26 17:51:52 - INFO - 🧹 Todos los votos han sido eliminados por el administrador
24/04/26 17:51:52 - INFO - ✓ Candidatas guardadas
24/04/26 17:51:52 - INFO - ✓ Usuarios guardados
24/04/26 17:52:21 - INFO - 🌐 IP CONECTADA: 127.0.0.1
24/04/26 17:52:27 - INFO - ✓ Usuario pato inició sesión
24/04/26 17:52:33 - INFO - 🔒 Votaciones bloqueadas por el administrador
24/04/26 17:52:39 - INFO - 🔒 Votaciones activadas por el administrador
24/04/26 17:53:50 - INFO - 🔒 Votaciones bloqueadas por el administrador
24/04/26 17:53:54 - INFO - 🔒 Votaciones activadas por el administrador
24/04/26 17:54:09 - INFO - 🔒 Votaciones bloqueadas por el administrador
24/04/26 17:54:14 - INFO - 🔒 Votaciones activadas por el administrador
24/04/26 18:11:30 - INFO - 🔒 Votaciones bloqueadas por el administrador
24/04/26 18:11:37 - INFO - 🔒 Votaciones activadas por el administrador
24/04/26 18:11:41 - INFO - 🧹 Todos los votos han sido eliminados por el administrador
24/04/26 18:11:41 - INFO - ✓ Candidatas guardadas
24/04/26 18:11:41 - INFO - ✓ Usuarios guardados
24/04/26 18:11:49 - INFO - 🗳️ VOTO NUEVO: Usuario 'pato' votó en 'Reina' → Candidata 'Patri'
24/04/26 18:11:56 - INFO - 🗳️ VOTO NUEVO: Usuario 'pato' votó en 'Segunda Princesa' → Candidata 'Marta'
24/04/26 18:11:58 - INFO - 🗳️ VOTO NUEVO: Usuario 'pato' votó en 'Primera Princesa' → Candidata 'Carla'
24/04/26 18:12:01 - INFO - 🗳️ VOTO NUEVO: Usuario 'pato' votó en 'Segunda Dama de Honor' → Candidata 'Noah'
